<?xml version="1.0" encoding="UTF-8"?>
<!-- Generated by org.testng.reporters.JUnitXMLReporter -->
<testsuite ignored="0" hostname="DESKTOP-N1F218A" failures="1" tests="1" name="FirefoxTest" time="58.008" errors="0" timestamp="2023-11-10T15:25:09 IST">
  <testcase classname="TestCases.TC5_ShopProduct" name="ShopProduct" time="44.797">
    <failure type="org.openqa.selenium.InvalidArgumentException" message="File not found: D:\03_Training\FreeLanceAWS_Docker\STF_AWS\TestData\Thumbnail\Insurance.JPG
Build info: version: &amp;apos;4.11.0&amp;apos;, revision: &amp;apos;040bc5406b&amp;apos;
System info: os.name: &amp;apos;Windows 10&amp;apos;, os.arch: &amp;apos;amd64&amp;apos;, os.version: &amp;apos;10.0&amp;apos;, java.version: &amp;apos;17.0.7&amp;apos;
Driver info: org.openqa.selenium.remote.RemoteWebDriver
Command: [07083fa0-0cde-470c-b79a-88dc641872bf, sendKeysToElement {id=1beba7d8-7858-4304-86d8-e3ba385ac5f8, value=[Ljava.lang.CharSequence;@7a959992}]
Capabilities {acceptInsecureCerts: true, browserName: firefox, browserVersion: 119.0.1, moz:accessibilityChecks: false, moz:buildID: 20231106151204, moz:debuggerAddress: 127.0.0.1:29997, moz:firefoxOptions: {binary: /usr/bin/firefox}, moz:geckodriverVersion: 0.33.0, moz:headless: false, moz:platformVersion: 6.2.0-1012-aws, moz:processID: 566, moz:profile: /tmp/rust_mozprofileYDbVCO, moz:shutdownTimeout: 60000, moz:webdriverClick: true, moz:windowless: false, pageLoadStrategy: normal, platformName: linux, proxy: Proxy(), se:bidiEnabled: false, se:cdp: ws://172.18.0.3:4444/sessio..., se:cdpVersion: 85.0, se:noVncPort: 7900, se:vnc: ws://172.18.0.3:4444/sessio..., se:vncEnabled: true, se:vncLocalAddress: ws://172.18.0.3:7900, setWindowRect: true, strictFileInteractability: false, timeouts: {implicit: 0, pageLoad: 300000, script: 30000}, unhandledPromptBehavior: dismiss and notify}
Element: [[RemoteWebDriver: firefox on linux (07083fa0-0cde-470c-b79a-88dc641872bf)] -&amp;gt; xpath: //input[@id=&amp;quot;thumbnail&amp;quot;]]
Session ID: 07083fa0-0cde-470c-b79a-88dc641872bf">
      <![CDATA[org.openqa.selenium.InvalidArgumentException: File not found: D:\03_Training\FreeLanceAWS_Docker\STF_AWS\TestData\Thumbnail\Insurance.JPG
Build info: version: '4.11.0', revision: '040bc5406b'
System info: os.name: 'Windows 10', os.arch: 'amd64', os.version: '10.0', java.version: '17.0.7'
Driver info: org.openqa.selenium.remote.RemoteWebDriver
Command: [07083fa0-0cde-470c-b79a-88dc641872bf, sendKeysToElement {id=1beba7d8-7858-4304-86d8-e3ba385ac5f8, value=[Ljava.lang.CharSequence;@7a959992}]
Capabilities {acceptInsecureCerts: true, browserName: firefox, browserVersion: 119.0.1, moz:accessibilityChecks: false, moz:buildID: 20231106151204, moz:debuggerAddress: 127.0.0.1:29997, moz:firefoxOptions: {binary: /usr/bin/firefox}, moz:geckodriverVersion: 0.33.0, moz:headless: false, moz:platformVersion: 6.2.0-1012-aws, moz:processID: 566, moz:profile: /tmp/rust_mozprofileYDbVCO, moz:shutdownTimeout: 60000, moz:webdriverClick: true, moz:windowless: false, pageLoadStrategy: normal, platformName: linux, proxy: Proxy(), se:bidiEnabled: false, se:cdp: ws://172.18.0.3:4444/sessio..., se:cdpVersion: 85.0, se:noVncPort: 7900, se:vnc: ws://172.18.0.3:4444/sessio..., se:vncEnabled: true, se:vncLocalAddress: ws://172.18.0.3:7900, setWindowRect: true, strictFileInteractability: false, timeouts: {implicit: 0, pageLoad: 300000, script: 30000}, unhandledPromptBehavior: dismiss and notify}
Element: [[RemoteWebDriver: firefox on linux (07083fa0-0cde-470c-b79a-88dc641872bf)] -> xpath: //input[@id="thumbnail"]]
Session ID: 07083fa0-0cde-470c-b79a-88dc641872bf
at org.openqa.selenium.remote.codec.w3c.W3CHttpResponseCodec.createException(W3CHttpResponseCodec.java:200)
at org.openqa.selenium.remote.codec.w3c.W3CHttpResponseCodec.decode(W3CHttpResponseCodec.java:133)
at org.openqa.selenium.remote.codec.w3c.W3CHttpResponseCodec.decode(W3CHttpResponseCodec.java:52)
at org.openqa.selenium.remote.HttpCommandExecutor.execute(HttpCommandExecutor.java:191)
at org.openqa.selenium.remote.TracedCommandExecutor.execute(TracedCommandExecutor.java:51)
at org.openqa.selenium.remote.RemoteWebDriver.execute(RemoteWebDriver.java:518)
at org.openqa.selenium.remote.RemoteWebElement.execute(RemoteWebElement.java:224)
at org.openqa.selenium.remote.RemoteWebElement.sendKeys(RemoteWebElement.java:111)
at Pages.ManageCousesPage.AddCourse(ManageCousesPage.java:46)
at TestCases.TC5_ShopProduct.ShopProduct(TC5_ShopProduct.java:85)
at java.base/java.util.ArrayList.forEach(ArrayList.java:1511)
at java.base/java.util.concurrent.FutureTask.run(FutureTask.java:264)
at java.base/java.util.concurrent.ThreadPoolExecutor.runWorker(ThreadPoolExecutor.java:1136)
at java.base/java.util.concurrent.ThreadPoolExecutor$Worker.run(ThreadPoolExecutor.java:635)
at java.base/java.lang.Thread.run(Thread.java:833)
... Removed 23 stack frames]]>
    </failure>
  </testcase> <!-- ShopProduct -->
</testsuite> <!-- FirefoxTest -->
